Determining if the pthread_create exist failed with the following output:
Change Dir: /home/robotino/catkin_ws/build/CMakeFiles/CMakeTmp

Run Build Command:"/usr/bin/make" "cmTC_7bb4d/fast"
/usr/bin/make -f CMakeFiles/cmTC_7bb4d.dir/build.make CMakeFiles/cmTC_7bb4d.dir/build
make[1]: Entering directory '/home/robotino/catkin_ws/build/CMakeFiles/CMakeTmp'
Building C object CMakeFiles/cmTC_7bb4d.dir/CheckSymbolExists.c.o
/usr/bin/cc     -o CMakeFiles/cmTC_7bb4d.dir/CheckSymbolExists.c.o   -c /home/robotino/catkin_ws/build/CMakeFiles/CMakeTmp/CheckSymbolExists.c
Linking C executable cmTC_7bb4d
/usr/bin/cmake -E cmake_link_script CMakeFiles/cmTC_7bb4d.dir/link.txt --verbose=1
/usr/bin/cc       CMakeFiles/cmTC_7bb4d.dir/CheckSymbolExists.c.o  -o cmTC_7bb4d -rdynamic 
CMakeFiles/cmTC_7bb4d.dir/CheckSymbolExists.c.o: In function `main':
CheckSymbolExists.c:(.text+0x16): undefined reference to `pthread_create'
collect2: error: ld returned 1 exit status
CMakeFiles/cmTC_7bb4d.dir/build.make:97: recipe for target 'cmTC_7bb4d' failed
make[1]: *** [cmTC_7bb4d] Error 1
make[1]: Leaving directory '/home/robotino/catkin_ws/build/CMakeFiles/CMakeTmp'
Makefile:126: recipe for target 'cmTC_7bb4d/fast' failed
make: *** [cmTC_7bb4d/fast] Error 2

File /home/robotino/catkin_ws/build/CMakeFiles/CMakeTmp/CheckSymbolExists.c:
/* */
#include <pthread.h>

int main(int argc, char** argv)
{
  (void)argv;
#ifndef pthread_create
  return ((int*)(&pthread_create))[argc];
#else
  (void)argc;
  return 0;
#endif
}

Determining if the function pthread_create exists in the pthreads failed with the following output:
Change Dir: /home/robotino/catkin_ws/build/CMakeFiles/CMakeTmp

Run Build Command:"/usr/bin/make" "cmTC_b51ba/fast"
/usr/bin/make -f CMakeFiles/cmTC_b51ba.dir/build.make CMakeFiles/cmTC_b51ba.dir/build
make[1]: Entering directory '/home/robotino/catkin_ws/build/CMakeFiles/CMakeTmp'
Building C object CMakeFiles/cmTC_b51ba.dir/CheckFunctionExists.c.o
/usr/bin/cc    -DCHECK_FUNCTION_EXISTS=pthread_create   -o CMakeFiles/cmTC_b51ba.dir/CheckFunctionExists.c.o   -c /usr/share/cmake-3.5/Modules/CheckFunctionExists.c
Linking C executable cmTC_b51ba
/usr/bin/cmake -E cmake_link_script CMakeFiles/cmTC_b51ba.dir/link.txt --verbose=1
/usr/bin/cc   -DCHECK_FUNCTION_EXISTS=pthread_create    CMakeFiles/cmTC_b51ba.dir/CheckFunctionExists.c.o  -o cmTC_b51ba -rdynamic -lpthreads 
/usr/bin/ld: cannot find -lpthreads
collect2: error: ld returned 1 exit status
CMakeFiles/cmTC_b51ba.dir/build.make:97: recipe for target 'cmTC_b51ba' failed
make[1]: *** [cmTC_b51ba] Error 1
make[1]: Leaving directory '/home/robotino/catkin_ws/build/CMakeFiles/CMakeTmp'
Makefile:126: recipe for target 'cmTC_b51ba/fast' failed
make: *** [cmTC_b51ba/fast] Error 2


Determining if the Q_WS_WIN exist failed with the following output:
Change Dir: /home/robotino/catkin_ws/build/CMakeFiles/CMakeTmp

Run Build Command:"/usr/bin/make" "cmTC_2be2c/fast"
/usr/bin/make -f CMakeFiles/cmTC_2be2c.dir/build.make CMakeFiles/cmTC_2be2c.dir/build
make[1]: Entering directory '/home/robotino/catkin_ws/build/CMakeFiles/CMakeTmp'
Building CXX object CMakeFiles/cmTC_2be2c.dir/CheckSymbolExists.cxx.o
/usr/bin/c++    -I/usr/include/qt4   -o CMakeFiles/cmTC_2be2c.dir/CheckSymbolExists.cxx.o -c /home/robotino/catkin_ws/build/CMakeFiles/CMakeTmp/CheckSymbolExists.cxx
/home/robotino/catkin_ws/build/CMakeFiles/CMakeTmp/CheckSymbolExists.cxx: In function ‘int main(int, char**)’:
/home/robotino/catkin_ws/build/CMakeFiles/CMakeTmp/CheckSymbolExists.cxx:8:19: error: ‘Q_WS_WIN’ was not declared in this scope
   return ((int*)(&Q_WS_WIN))[argc];
                   ^
CMakeFiles/cmTC_2be2c.dir/build.make:65: recipe for target 'CMakeFiles/cmTC_2be2c.dir/CheckSymbolExists.cxx.o' failed
make[1]: *** [CMakeFiles/cmTC_2be2c.dir/CheckSymbolExists.cxx.o] Error 1
make[1]: Leaving directory '/home/robotino/catkin_ws/build/CMakeFiles/CMakeTmp'
Makefile:126: recipe for target 'cmTC_2be2c/fast' failed
make: *** [cmTC_2be2c/fast] Error 2

File /home/robotino/catkin_ws/build/CMakeFiles/CMakeTmp/CheckSymbolExists.cxx:
/* */
#include <QtCore/qglobal.h>

int main(int argc, char** argv)
{
  (void)argv;
#ifndef Q_WS_WIN
  return ((int*)(&Q_WS_WIN))[argc];
#else
  (void)argc;
  return 0;
#endif
}

Determining if the Q_WS_QWS exist failed with the following output:
Change Dir: /home/robotino/catkin_ws/build/CMakeFiles/CMakeTmp

Run Build Command:"/usr/bin/make" "cmTC_36dee/fast"
/usr/bin/make -f CMakeFiles/cmTC_36dee.dir/build.make CMakeFiles/cmTC_36dee.dir/build
make[1]: Entering directory '/home/robotino/catkin_ws/build/CMakeFiles/CMakeTmp'
Building CXX object CMakeFiles/cmTC_36dee.dir/CheckSymbolExists.cxx.o
/usr/bin/c++    -I/usr/include/qt4   -o CMakeFiles/cmTC_36dee.dir/CheckSymbolExists.cxx.o -c /home/robotino/catkin_ws/build/CMakeFiles/CMakeTmp/CheckSymbolExists.cxx
/home/robotino/catkin_ws/build/CMakeFiles/CMakeTmp/CheckSymbolExists.cxx: In function ‘int main(int, char**)’:
/home/robotino/catkin_ws/build/CMakeFiles/CMakeTmp/CheckSymbolExists.cxx:8:19: error: ‘Q_WS_QWS’ was not declared in this scope
   return ((int*)(&Q_WS_QWS))[argc];
                   ^
CMakeFiles/cmTC_36dee.dir/build.make:65: recipe for target 'CMakeFiles/cmTC_36dee.dir/CheckSymbolExists.cxx.o' failed
make[1]: *** [CMakeFiles/cmTC_36dee.dir/CheckSymbolExists.cxx.o] Error 1
make[1]: Leaving directory '/home/robotino/catkin_ws/build/CMakeFiles/CMakeTmp'
Makefile:126: recipe for target 'cmTC_36dee/fast' failed
make: *** [cmTC_36dee/fast] Error 2

File /home/robotino/catkin_ws/build/CMakeFiles/CMakeTmp/CheckSymbolExists.cxx:
/* */
#include <QtCore/qglobal.h>

int main(int argc, char** argv)
{
  (void)argv;
#ifndef Q_WS_QWS
  return ((int*)(&Q_WS_QWS))[argc];
#else
  (void)argc;
  return 0;
#endif
}

Determining if the Q_WS_MAC exist failed with the following output:
Change Dir: /home/robotino/catkin_ws/build/CMakeFiles/CMakeTmp

Run Build Command:"/usr/bin/make" "cmTC_218b3/fast"
/usr/bin/make -f CMakeFiles/cmTC_218b3.dir/build.make CMakeFiles/cmTC_218b3.dir/build
make[1]: Entering directory '/home/robotino/catkin_ws/build/CMakeFiles/CMakeTmp'
Building CXX object CMakeFiles/cmTC_218b3.dir/CheckSymbolExists.cxx.o
/usr/bin/c++    -I/usr/include/qt4   -o CMakeFiles/cmTC_218b3.dir/CheckSymbolExists.cxx.o -c /home/robotino/catkin_ws/build/CMakeFiles/CMakeTmp/CheckSymbolExists.cxx
/home/robotino/catkin_ws/build/CMakeFiles/CMakeTmp/CheckSymbolExists.cxx: In function ‘int main(int, char**)’:
/home/robotino/catkin_ws/build/CMakeFiles/CMakeTmp/CheckSymbolExists.cxx:8:19: error: ‘Q_WS_MAC’ was not declared in this scope
   return ((int*)(&Q_WS_MAC))[argc];
                   ^
CMakeFiles/cmTC_218b3.dir/build.make:65: recipe for target 'CMakeFiles/cmTC_218b3.dir/CheckSymbolExists.cxx.o' failed
make[1]: *** [CMakeFiles/cmTC_218b3.dir/CheckSymbolExists.cxx.o] Error 1
make[1]: Leaving directory '/home/robotino/catkin_ws/build/CMakeFiles/CMakeTmp'
Makefile:126: recipe for target 'cmTC_218b3/fast' failed
make: *** [cmTC_218b3/fast] Error 2

File /home/robotino/catkin_ws/build/CMakeFiles/CMakeTmp/CheckSymbolExists.cxx:
/* */
#include <QtCore/qglobal.h>

int main(int argc, char** argv)
{
  (void)argv;
#ifndef Q_WS_MAC
  return ((int*)(&Q_WS_MAC))[argc];
#else
  (void)argc;
  return 0;
#endif
}

